ca65 V2.11.0 - (C) Copyright 1998-2005 Ullrich von Bassewitz
Main file   : mandelbrot.s
Current file: mandelbrot.s

000000r 1               ;
000000r 1               ; File generated by cc65 v 2.11.0
000000r 1               ;
000000r 1               	.fopt		compiler,"cc65 v 2.11.0"
000000r 1               	.setcpu		"6502"
000000r 1               	.smart		on
000000r 1               	.autoimport	on
000000r 1               	.case		on
000000r 1               	.debuginfo	off
000000r 1               	.importzp	sp, sreg, regsave, regbank, tmp1, ptr1, ptr2
000000r 1               	.macpack	longbranch
000000r 1               	.import		_abs
000000r 1               	.import		_exit
000000r 1               	.import		_clock
000000r 1               	.import		_clrscr
000000r 1               	.import		_cputs
000000r 1               	.import		_cprintf
000000r 1               	.import		_cgetc
000000r 1               	.import		_tgi_load
000000r 1               	.import		_tgi_init
000000r 1               	.import		_tgi_done
000000r 1               	.import		_tgi_geterror
000000r 1               	.import		_tgi_geterrormsg
000000r 1               	.import		_tgi_clear
000000r 1               	.import		_tgi_getmaxcolor
000000r 1               	.import		_tgi_setcolor
000000r 1               	.import		_tgi_getmaxx
000000r 1               	.import		_tgi_getmaxy
000000r 1               	.import		_tgi_setpixel
000000r 1               	.export		_mandelbrot
000000r 1               	.export		_main
000000r 1               
000000r 1               .segment	"RODATA"
000000r 1               
000000r 1               L0001:
000000r 1  49 4E 49 54  	.byte	$49,$4E,$49,$54,$49,$41,$4C,$49,$5A,$49,$4E,$47,$2E,$2E,$2E,$20
000004r 1  49 41 4C 49  
000008r 1  5A 49 4E 47  
000010r 1  4D 4F 4D 50  	.byte	$4D,$4F,$4D,$50,$4C,$53,$0A,$0D,$00,$C5,$52,$52,$4F,$52,$20,$23
000014r 1  4C 53 0A 0D  
000018r 1  00 C5 52 52  
000020r 1  25 44 20 49  	.byte	$25,$44,$20,$49,$4E,$49,$54,$49,$41,$4C,$49,$5A,$49,$4E,$47,$20
000024r 1  4E 49 54 49  
000028r 1  41 4C 49 5A  
000030r 1  47 52 41 50  	.byte	$47,$52,$41,$50,$48,$49,$43,$53,$2E,$0A,$0D,$25,$53,$0A,$0D,$00
000034r 1  48 49 43 53  
000038r 1  2E 0A 0D 25  
000040r 1  4F 4B 2E 0D  	.byte	$4F,$4B,$2E,$0D,$0A,$00,$54,$49,$4D,$45,$20,$20,$3A,$20,$25,$4C
000044r 1  0A 00 54 49  
000048r 1  4D 45 20 20  
000050r 1  55 2E 25 55  	.byte	$55,$2E,$25,$55,$53,$0D,$0A,$00,$D0,$52,$45,$53,$53,$20,$41,$4E
000054r 1  53 0D 0A 00  
000058r 1  D0 52 45 53  
000060r 1  59 20 4B 45  	.byte	$59,$20,$4B,$45,$59,$20,$57,$48,$45,$4E,$20,$44,$4F,$4E,$45,$2E
000064r 1  59 20 57 48  
000068r 1  45 4E 20 44  
000070r 1  2E 2E 0D 0A  	.byte	$2E,$2E,$0D,$0A,$00
000074r 1  00           
000075r 1               
000075r 1               ; ---------------------------------------------------------------
000075r 1               ; void __near__ mandelbrot (signed short, signed short, signed short, signed short)
000075r 1               ; ---------------------------------------------------------------
000075r 1               
000075r 1               .segment	"CODE"
000000r 1               
000000r 1               .proc	_mandelbrot: near
000000r 1               
000000r 1               .segment	"BSS"
000000r 1               
000000r 1               L0006:
000000r 1  00           	.res	1,$00
000001r 1               L0007:
000001r 1  00 00        	.res	2,$00
000003r 1               L0008:
000003r 1  00 00        	.res	2,$00
000005r 1               L0009:
000005r 1  00 00        	.res	2,$00
000007r 1               L000A:
000007r 1  00 00        	.res	2,$00
000009r 1               L000B:
000009r 1  00 00        	.res	2,$00
00000Br 1               L000C:
00000Br 1  00 00        	.res	2,$00
00000Dr 1               L000D:
00000Dr 1  00 00        	.res	2,$00
00000Fr 1               L000E:
00000Fr 1  00 00        	.res	2,$00
000011r 1               L000F:
000011r 1  00 00        	.res	2,$00
000013r 1               
000013r 1               .segment	"CODE"
000000r 1               
000000r 1  A0 03        	ldy     #$03
000002r 1  20 rr rr     	jsr     ldaxysp
000005r 1  20 rr rr     	jsr     pushax
000008r 1  A0 09        	ldy     #$09
00000Ar 1  20 rr rr     	jsr     ldaxysp
00000Dr 1  20 rr rr     	jsr     tossubax
000010r 1  20 rr rr     	jsr     pushax
000013r 1  20 rr rr     	jsr     _tgi_getmaxx
000016r 1  20 rr rr     	jsr     incax1
000019r 1  20 rr rr     	jsr     tosudivax
00001Cr 1  8D rr rr     	sta     L000A
00001Fr 1  8E rr rr     	stx     L000A+1
000022r 1  A0 01        	ldy     #$01
000024r 1  20 rr rr     	jsr     ldaxysp
000027r 1  20 rr rr     	jsr     pushax
00002Ar 1  A0 07        	ldy     #$07
00002Cr 1  20 rr rr     	jsr     ldaxysp
00002Fr 1  20 rr rr     	jsr     tossubax
000032r 1  20 rr rr     	jsr     pushax
000035r 1  20 rr rr     	jsr     _tgi_getmaxy
000038r 1  20 rr rr     	jsr     incax1
00003Br 1  20 rr rr     	jsr     tosudivax
00003Er 1  8D rr rr     	sta     L000B
000041r 1  8E rr rr     	stx     L000B+1
000044r 1  A0 05        	ldy     #$05
000046r 1  20 rr rr     	jsr     ldaxysp
000049r 1  8D rr rr     	sta     L000D
00004Cr 1  8E rr rr     	stx     L000D+1
00004Fr 1  A2 00        	ldx     #$00
000051r 1  A9 00        	lda     #$00
000053r 1  8D rr rr     	sta     L000F
000056r 1  8E rr rr     	stx     L000F+1
000059r 1  AD rr rr     L001E:	lda     L000F
00005Cr 1  AE rr rr     	ldx     L000F+1
00005Fr 1  20 rr rr     	jsr     pushax
000062r 1  20 rr rr     	jsr     _tgi_getmaxy
000065r 1  20 rr rr     	jsr     incax1
000068r 1  20 rr rr     	jsr     tosultax
00006Br 1  F0 03 4C rr  	jne     L0021
00006Fr 1  rr           
000070r 1  4C rr rr     	jmp     L001F
000073r 1  AD rr rr     L0021:	lda     L000B
000076r 1  AE rr rr     	ldx     L000B+1
000079r 1  18           	clc
00007Ar 1  6D rr rr     	adc     L000D
00007Dr 1  8D rr rr     	sta     L000D
000080r 1  8A           	txa
000081r 1  6D rr rr     	adc     L000D+1
000084r 1  8D rr rr     	sta     L000D+1
000087r 1  AA           	tax
000088r 1  AD rr rr     	lda     L000D
00008Br 1  A0 07        	ldy     #$07
00008Dr 1  20 rr rr     	jsr     ldaxysp
000090r 1  8D rr rr     	sta     L000C
000093r 1  8E rr rr     	stx     L000C+1
000096r 1  A2 00        	ldx     #$00
000098r 1  A9 00        	lda     #$00
00009Ar 1  8D rr rr     	sta     L000E
00009Dr 1  8E rr rr     	stx     L000E+1
0000A0r 1  AD rr rr     L002C:	lda     L000E
0000A3r 1  AE rr rr     	ldx     L000E+1
0000A6r 1  20 rr rr     	jsr     pushax
0000A9r 1  20 rr rr     	jsr     _tgi_getmaxx
0000ACr 1  20 rr rr     	jsr     incax1
0000AFr 1  20 rr rr     	jsr     tosultax
0000B2r 1  F0 03 4C rr  	jne     L002F
0000B6r 1  rr           
0000B7r 1  4C rr rr     	jmp     L0020
0000BAr 1  AD rr rr     L002F:	lda     L000A
0000BDr 1  AE rr rr     	ldx     L000A+1
0000C0r 1  18           	clc
0000C1r 1  6D rr rr     	adc     L000C
0000C4r 1  8D rr rr     	sta     L000C
0000C7r 1  8A           	txa
0000C8r 1  6D rr rr     	adc     L000C+1
0000CBr 1  8D rr rr     	sta     L000C+1
0000CEr 1  AA           	tax
0000CFr 1  AD rr rr     	lda     L000C
0000D2r 1  A2 00        	ldx     #$00
0000D4r 1  A9 00        	lda     #$00
0000D6r 1  8D rr rr     	sta     L0007
0000D9r 1  8E rr rr     	stx     L0007+1
0000DCr 1  A2 00        	ldx     #$00
0000DEr 1  A9 00        	lda     #$00
0000E0r 1  8D rr rr     	sta     L0009
0000E3r 1  8E rr rr     	stx     L0009+1
0000E6r 1  A2 00        	ldx     #$00
0000E8r 1  A9 00        	lda     #$00
0000EAr 1  8D rr rr     	sta     L0006
0000EDr 1  A2 00        L003C:	ldx     #$00
0000EFr 1  AD rr rr     	lda     L0006
0000F2r 1  C9 20        	cmp     #$20
0000F4r 1  20 rr rr     	jsr     boolult
0000F7r 1  D0 03 4C rr  	jeq     L0044
0000FBr 1  rr           
0000FCr 1  AD rr rr     	lda     L0007
0000FFr 1  AE rr rr     	ldx     L0007+1
000102r 1  20 rr rr     	jsr     _abs
000105r 1  20 rr rr     	jsr     pushax
000108r 1  A2 08        	ldx     #$08
00010Ar 1  A9 00        	lda     #$00
00010Cr 1  20 rr rr     	jsr     tosltax
00010Fr 1  D0 03 4C rr  	jeq     L0044
000113r 1  rr           
000114r 1  AD rr rr     	lda     L0009
000117r 1  AE rr rr     	ldx     L0009+1
00011Ar 1  20 rr rr     	jsr     _abs
00011Dr 1  20 rr rr     	jsr     pushax
000120r 1  A2 08        	ldx     #$08
000122r 1  A9 00        	lda     #$00
000124r 1  20 rr rr     	jsr     tosltax
000127r 1  F0 03 4C rr  	jne     L0042
00012Br 1  rr           
00012Cr 1  A2 00        L0044:	ldx     #$00
00012Er 1  A9 00        	lda     #$00
000130r 1  D0 03 4C rr  	jeq     L0051
000134r 1  rr           
000135r 1  A2 00        L0042:	ldx     #$00
000137r 1  A9 01        	lda     #$01
000139r 1  F0 03 4C rr  L0051:	jne     L003F
00013Dr 1  rr           
00013Er 1  4C rr rr     	jmp     L003D
000141r 1  AD rr rr     L003F:	lda     L0007
000144r 1  AE rr rr     	ldx     L0007+1
000147r 1  20 rr rr     	jsr     axlong
00014Ar 1  20 rr rr     	jsr     pusheax
00014Dr 1  AD rr rr     	lda     L0007
000150r 1  AE rr rr     	ldx     L0007+1
000153r 1  20 rr rr     	jsr     axlong
000156r 1  20 rr rr     	jsr     tosmuleax
000159r 1  20 rr rr     	jsr     pusheax
00015Cr 1  A2 00        	ldx     #$00
00015Er 1  86 rr        	stx     sreg
000160r 1  86 rr        	stx     sreg+1
000162r 1  A9 0A        	lda     #$0A
000164r 1  20 rr rr     	jsr     tosasreax
000167r 1  20 rr rr     	jsr     pusheax
00016Ar 1  AD rr rr     	lda     L0009
00016Dr 1  AE rr rr     	ldx     L0009+1
000170r 1  20 rr rr     	jsr     axlong
000173r 1  20 rr rr     	jsr     pusheax
000176r 1  AD rr rr     	lda     L0009
000179r 1  AE rr rr     	ldx     L0009+1
00017Cr 1  20 rr rr     	jsr     axlong
00017Fr 1  20 rr rr     	jsr     tosmuleax
000182r 1  20 rr rr     	jsr     pusheax
000185r 1  A2 00        	ldx     #$00
000187r 1  86 rr        	stx     sreg
000189r 1  86 rr        	stx     sreg+1
00018Br 1  A9 0A        	lda     #$0A
00018Dr 1  20 rr rr     	jsr     tosasreax
000190r 1  20 rr rr     	jsr     tossubeax
000193r 1  20 rr rr     	jsr     pusheax
000196r 1  AD rr rr     	lda     L000C
000199r 1  AE rr rr     	ldx     L000C+1
00019Cr 1  20 rr rr     	jsr     axlong
00019Fr 1  20 rr rr     	jsr     tosaddeax
0001A2r 1  8D rr rr     	sta     L0008
0001A5r 1  8E rr rr     	stx     L0008+1
0001A8r 1  AD rr rr     	lda     L0007
0001ABr 1  AE rr rr     	ldx     L0007+1
0001AEr 1  20 rr rr     	jsr     axlong
0001B1r 1  20 rr rr     	jsr     pusheax
0001B4r 1  AD rr rr     	lda     L0009
0001B7r 1  AE rr rr     	ldx     L0009+1
0001BAr 1  20 rr rr     	jsr     axlong
0001BDr 1  20 rr rr     	jsr     tosmuleax
0001C0r 1  20 rr rr     	jsr     pusheax
0001C3r 1  A2 00        	ldx     #$00
0001C5r 1  86 rr        	stx     sreg
0001C7r 1  86 rr        	stx     sreg+1
0001C9r 1  A9 09        	lda     #$09
0001CBr 1  20 rr rr     	jsr     tosasreax
0001CEr 1  20 rr rr     	jsr     pusheax
0001D1r 1  AD rr rr     	lda     L000D
0001D4r 1  AE rr rr     	ldx     L000D+1
0001D7r 1  20 rr rr     	jsr     axlong
0001DAr 1  20 rr rr     	jsr     tosaddeax
0001DDr 1  8D rr rr     	sta     L0009
0001E0r 1  8E rr rr     	stx     L0009+1
0001E3r 1  AD rr rr     	lda     L0008
0001E6r 1  AE rr rr     	ldx     L0008+1
0001E9r 1  8D rr rr     	sta     L0007
0001ECr 1  8E rr rr     	stx     L0007+1
0001EFr 1  A2 00        	ldx     #$00
0001F1r 1  EE rr rr     	inc     L0006
0001F4r 1  AD rr rr     	lda     L0006
0001F7r 1  4C rr rr     	jmp     L003C
0001FAr 1  A2 00        L003D:	ldx     #$00
0001FCr 1  AD rr rr     	lda     L0006
0001FFr 1  C9 20        	cmp     #$20
000201r 1  20 rr rr     	jsr     booleq
000204r 1  D0 03 4C rr  	jeq     L0068
000208r 1  rr           
000209r 1  A9 00        	lda     #$00
00020Br 1  20 rr rr     	jsr     _tgi_setcolor
00020Er 1  4C rr rr     	jmp     L0073
000211r 1  20 rr rr     L0068:	jsr     _tgi_getmaxcolor
000214r 1  20 rr rr     	jsr     incax1
000217r 1  E0 00        	cpx     #$00
000219r 1  D0 02        	bne     L0070
00021Br 1  C9 02        	cmp     #$02
00021Dr 1  20 rr rr     L0070:	jsr     booleq
000220r 1  D0 03 4C rr  	jeq     L006D
000224r 1  rr           
000225r 1  A9 01        	lda     #$01
000227r 1  20 rr rr     	jsr     _tgi_setcolor
00022Ar 1  4C rr rr     	jmp     L0073
00022Dr 1  A2 00        L006D:	ldx     #$00
00022Fr 1  AD rr rr     	lda     L0006
000232r 1  20 rr rr     	jsr     pushax
000235r 1  20 rr rr     	jsr     _tgi_getmaxcolor
000238r 1  20 rr rr     	jsr     incax1
00023Br 1  20 rr rr     	jsr     tosumodax
00023Er 1  20 rr rr     	jsr     _tgi_setcolor
000241r 1  AD rr rr     L0073:	lda     L000E
000244r 1  AE rr rr     	ldx     L000E+1
000247r 1  20 rr rr     	jsr     pushax
00024Ar 1  AD rr rr     	lda     L000F
00024Dr 1  AE rr rr     	ldx     L000F+1
000250r 1  20 rr rr     	jsr     _tgi_setpixel
000253r 1  AD rr rr     	lda     L000E
000256r 1  AE rr rr     	ldx     L000E+1
000259r 1  85 rr        	sta     regsave
00025Br 1  86 rr        	stx     regsave+1
00025Dr 1  20 rr rr     	jsr     incax1
000260r 1  8D rr rr     	sta     L000E
000263r 1  8E rr rr     	stx     L000E+1
000266r 1  A5 rr        	lda     regsave
000268r 1  A6 rr        	ldx     regsave+1
00026Ar 1  4C rr rr     	jmp     L002C
00026Dr 1  AD rr rr     L0020:	lda     L000F
000270r 1  AE rr rr     	ldx     L000F+1
000273r 1  85 rr        	sta     regsave
000275r 1  86 rr        	stx     regsave+1
000277r 1  20 rr rr     	jsr     incax1
00027Ar 1  8D rr rr     	sta     L000F
00027Dr 1  8E rr rr     	stx     L000F+1
000280r 1  A5 rr        	lda     regsave
000282r 1  A6 rr        	ldx     regsave+1
000284r 1  4C rr rr     	jmp     L001E
000287r 1  20 rr rr     L001F:	jsr     incsp8
00028Ar 1  60           	rts
00028Br 1               
00028Br 1               .endproc
00028Br 1               
00028Br 1               ; ---------------------------------------------------------------
00028Br 1               ; int __near__ main (void)
00028Br 1               ; ---------------------------------------------------------------
00028Br 1               
00028Br 1               .segment	"CODE"
00028Br 1               
00028Br 1               .proc	_main: near
00028Br 1               
00028Br 1               .segment	"BSS"
000013r 1               
000013r 1               L007B:
000013r 1  00 00 00 00  	.res	4,$00
000017r 1               L007C:
000017r 1  00 00 00 00  	.res	4,$00
00001Br 1               L007D:
00001Br 1  00 00        	.res	2,$00
00001Dr 1               L007E:
00001Dr 1  00           	.res	1,$00
00001Er 1               
00001Er 1               .segment	"CODE"
00028Br 1               
00028Br 1  20 rr rr     	jsr     _clrscr
00028Er 1  A9 rr        	lda     #<(L0001)
000290r 1  A2 rr        	ldx     #>(L0001)
000292r 1  20 rr rr     	jsr     pushax
000295r 1  A0 02        	ldy     #$02
000297r 1  20 rr rr     	jsr     _cprintf
00029Ar 1  A9 01        	lda     #$01
00029Cr 1  20 rr rr     	jsr     _tgi_load
00029Fr 1  20 rr rr     	jsr     _tgi_geterror
0002A2r 1  8D rr rr     	sta     L007E
0002A5r 1  A2 00        	ldx     #$00
0002A7r 1  AD rr rr     	lda     L007E
0002AAr 1  C9 00        	cmp     #$00
0002ACr 1  20 rr rr     	jsr     boolne
0002AFr 1  D0 03 4C rr  	jeq     L0086
0002B3r 1  rr           
0002B4r 1  A9 rr        	lda     #<(L0001+25)
0002B6r 1  A2 rr        	ldx     #>(L0001+25)
0002B8r 1  20 rr rr     	jsr     pushax
0002BBr 1  A2 00        	ldx     #$00
0002BDr 1  AD rr rr     	lda     L007E
0002C0r 1  20 rr rr     	jsr     pushax
0002C3r 1  AD rr rr     	lda     L007E
0002C6r 1  20 rr rr     	jsr     _tgi_geterrormsg
0002C9r 1  20 rr rr     	jsr     pushax
0002CCr 1  A0 06        	ldy     #$06
0002CEr 1  20 rr rr     	jsr     _cprintf
0002D1r 1  A2 00        	ldx     #$00
0002D3r 1  A9 01        	lda     #$01
0002D5r 1  20 rr rr     	jsr     _exit
0002D8r 1  A9 rr        L0086:	lda     #<(L0001+64)
0002DAr 1  A2 rr        	ldx     #>(L0001+64)
0002DCr 1  20 rr rr     	jsr     pushax
0002DFr 1  A0 02        	ldy     #$02
0002E1r 1  20 rr rr     	jsr     _cprintf
0002E4r 1  20 rr rr     	jsr     _tgi_init
0002E7r 1  20 rr rr     	jsr     _tgi_clear
0002EAr 1  20 rr rr     	jsr     _clock
0002EDr 1  8D rr rr     	sta     L007B
0002F0r 1  8E rr rr     	stx     L007B+1
0002F3r 1  A4 rr        	ldy     sreg
0002F5r 1  8C rr rr     	sty     L007B+2
0002F8r 1  A4 rr        	ldy     sreg+1
0002FAr 1  8C rr rr     	sty     L007B+3
0002FDr 1  A2 F8        	ldx     #$F8
0002FFr 1  A9 00        	lda     #$00
000301r 1  20 rr rr     	jsr     pushax
000304r 1  A2 F8        	ldx     #$F8
000306r 1  A9 00        	lda     #$00
000308r 1  20 rr rr     	jsr     pushax
00030Br 1  A2 08        	ldx     #$08
00030Dr 1  A9 00        	lda     #$00
00030Fr 1  20 rr rr     	jsr     pushax
000312r 1  A2 08        	ldx     #$08
000314r 1  A9 00        	lda     #$00
000316r 1  20 rr rr     	jsr     pushax
000319r 1  20 rr rr     	jsr     _mandelbrot
00031Cr 1  20 rr rr     	jsr     _clock
00031Fr 1  20 rr rr     	jsr     pusheax
000322r 1  AD rr rr     	lda     L007B+3
000325r 1  85 rr        	sta     sreg+1
000327r 1  AD rr rr     	lda     L007B+2
00032Ar 1  85 rr        	sta     sreg
00032Cr 1  AE rr rr     	ldx     L007B+1
00032Fr 1  AD rr rr     	lda     L007B
000332r 1  20 rr rr     	jsr     tossubeax
000335r 1  8D rr rr     	sta     L007B
000338r 1  8E rr rr     	stx     L007B+1
00033Br 1  A4 rr        	ldy     sreg
00033Dr 1  8C rr rr     	sty     L007B+2
000340r 1  A4 rr        	ldy     sreg+1
000342r 1  8C rr rr     	sty     L007B+3
000345r 1  20 rr rr     	jsr     _cgetc
000348r 1  20 rr rr     	jsr     _tgi_done
00034Br 1  AD rr rr     	lda     L007B+3
00034Er 1  85 rr        	sta     sreg+1
000350r 1  AD rr rr     	lda     L007B+2
000353r 1  85 rr        	sta     sreg
000355r 1  AE rr rr     	ldx     L007B+1
000358r 1  AD rr rr     	lda     L007B
00035Br 1  20 rr rr     	jsr     pusheax
00035Er 1  A2 00        	ldx     #$00
000360r 1  86 rr        	stx     sreg
000362r 1  86 rr        	stx     sreg+1
000364r 1  A9 0A        	lda     #$0A
000366r 1  20 rr rr     	jsr     tosumuleax
000369r 1  20 rr rr     	jsr     pusheax
00036Cr 1  A2 00        	ldx     #$00
00036Er 1  86 rr        	stx     sreg
000370r 1  86 rr        	stx     sreg+1
000372r 1  A9 3C        	lda     #$3C
000374r 1  20 rr rr     	jsr     tosudiveax
000377r 1  8D rr rr     	sta     L007C
00037Ar 1  8E rr rr     	stx     L007C+1
00037Dr 1  A4 rr        	ldy     sreg
00037Fr 1  8C rr rr     	sty     L007C+2
000382r 1  A4 rr        	ldy     sreg+1
000384r 1  8C rr rr     	sty     L007C+3
000387r 1  AD rr rr     	lda     L007C+3
00038Ar 1  85 rr        	sta     sreg+1
00038Cr 1  AD rr rr     	lda     L007C+2
00038Fr 1  85 rr        	sta     sreg
000391r 1  AE rr rr     	ldx     L007C+1
000394r 1  AD rr rr     	lda     L007C
000397r 1  20 rr rr     	jsr     pusheax
00039Ar 1  A2 00        	ldx     #$00
00039Cr 1  86 rr        	stx     sreg
00039Er 1  86 rr        	stx     sreg+1
0003A0r 1  A9 0A        	lda     #$0A
0003A2r 1  20 rr rr     	jsr     tosumodeax
0003A5r 1  8D rr rr     	sta     L007D
0003A8r 1  8E rr rr     	stx     L007D+1
0003ABr 1  AD rr rr     	lda     L007C+3
0003AEr 1  85 rr        	sta     sreg+1
0003B0r 1  AD rr rr     	lda     L007C+2
0003B3r 1  85 rr        	sta     sreg
0003B5r 1  AE rr rr     	ldx     L007C+1
0003B8r 1  AD rr rr     	lda     L007C
0003BBr 1  20 rr rr     	jsr     pusheax
0003BEr 1  A2 00        	ldx     #$00
0003C0r 1  86 rr        	stx     sreg
0003C2r 1  86 rr        	stx     sreg+1
0003C4r 1  A9 0A        	lda     #$0A
0003C6r 1  20 rr rr     	jsr     tosudiveax
0003C9r 1  8D rr rr     	sta     L007C
0003CCr 1  8E rr rr     	stx     L007C+1
0003CFr 1  A4 rr        	ldy     sreg
0003D1r 1  8C rr rr     	sty     L007C+2
0003D4r 1  A4 rr        	ldy     sreg+1
0003D6r 1  8C rr rr     	sty     L007C+3
0003D9r 1  A9 rr        	lda     #<(L0001+70)
0003DBr 1  A2 rr        	ldx     #>(L0001+70)
0003DDr 1  20 rr rr     	jsr     pushax
0003E0r 1  AD rr rr     	lda     L007C+3
0003E3r 1  85 rr        	sta     sreg+1
0003E5r 1  AD rr rr     	lda     L007C+2
0003E8r 1  85 rr        	sta     sreg
0003EAr 1  AE rr rr     	ldx     L007C+1
0003EDr 1  AD rr rr     	lda     L007C
0003F0r 1  20 rr rr     	jsr     pusheax
0003F3r 1  AD rr rr     	lda     L007D
0003F6r 1  AE rr rr     	ldx     L007D+1
0003F9r 1  20 rr rr     	jsr     pushax
0003FCr 1  A0 08        	ldy     #$08
0003FEr 1  20 rr rr     	jsr     _cprintf
000401r 1  A9 rr        	lda     #<(L0001+88)
000403r 1  A2 rr        	ldx     #>(L0001+88)
000405r 1  20 rr rr     	jsr     _cputs
000408r 1  20 rr rr     	jsr     _cgetc
00040Br 1  A2 00        	ldx     #$00
00040Dr 1  A9 00        	lda     #$00
00040Fr 1  4C rr rr     	jmp     L007A
000412r 1  60           L007A:	rts
000413r 1               
000413r 1               .endproc
000413r 1               
000413r 1               
